<?xml version="1.0" encoding="UTF-8"?>
<robot generator="Robot 6.0.1 (Python 3.8.10 on linux)" generated="20230116 12:56:22.882" rpa="false" schemaversion="3">
<suite id="s1" name="First Test" source="/home/cryzalis/study_projects/python-study/test_cases/first_test.robot">
<test id="s1-t1" name="Test1" line="6">
<kw name="Open Browser" library="SeleniumLibrary">
<arg>https://google.com</arg>
<doc>Opens a new browser instance to the optional ``url``.</doc>
<msg timestamp="20230116 12:56:23.777" level="INFO">Opening browser 'firefox' to base url 'https://google.com'.</msg>
<msg timestamp="20230116 12:56:23.784" level="INFO">Firefox driver log is always forced to to: /home/cryzalis/study_projects/python-study/geckodriver-6.log</msg>
<status status="PASS" starttime="20230116 12:56:23.765" endtime="20230116 12:56:55.585"/>
</kw>
<kw name="Close All Browsers" library="SeleniumLibrary">
<doc>Closes all open browsers and resets the browser cache.</doc>
<status status="PASS" starttime="20230116 12:56:55.592" endtime="20230116 12:57:01.606"/>
</kw>
<status status="PASS" starttime="20230116 12:56:23.759" endtime="20230116 12:57:01.609"/>
</test>
<status status="PASS" starttime="20230116 12:56:22.930" endtime="20230116 12:57:01.641"/>
</suite>
<statistics>
<total>
<stat pass="1" fail="0" skip="0">All Tests</stat>
</total>
<tag>
</tag>
<suite>
<stat pass="1" fail="0" skip="0" id="s1" name="First Test">First Test</stat>
</suite>
</statistics>
<errors>
</errors>
</robot>
